<?xml version="1.0" encoding="UTF-8"?>
<!-- Generated by org.testng.reporters.JUnitReportReporter -->
<testsuite hostname="DESKTOP-J5DG572" failures="0" tests="1" name="com.hardcore.test.GooglePlatformPageTest" time="23.775" errors="0" timestamp="06 сент. 2020 10:00:41 GMT" skipped="0">
  <testcase classname="com.hardcore.test.GooglePlatformPageTest" name="searchInputNotNullTest" time="23.775"/>
</testsuite> <!-- com.hardcore.test.GooglePlatformPageTest -->
