<?xml version="1.0" encoding="UTF-8"?>
<!-- Generated by org.testng.reporters.JUnitReportReporter -->
<testsuite hostname="DESKTOP-J5DG572" failures="0" tests="1" name="com.hardcore.test.WebDriverGoogleCloudPlatformPageTest" time="37.105" errors="0" timestamp="04 сент. 2020 06:39:18 GMT" skipped="0">
  <testcase classname="com.hardcore.test.WebDriverGoogleCloudPlatformPageTest" name="searchInputNotNullTest" time="37.105"/>
</testsuite> <!-- com.hardcore.test.WebDriverGoogleCloudPlatformPageTest -->
