<?xml version="1.0" encoding="UTF-8"?>
<!-- Generated by org.testng.reporters.JUnitReportReporter -->
<testsuite hostname="DESKTOP-J5DG572" failures="0" tests="1" name="com.hardcore.test.WebDriverGoogleCloudPlatformPageTest" time="36.009" errors="0" timestamp="02 сент. 2020 14:25:04 GMT" skipped="0">
  <testcase classname="com.hardcore.test.WebDriverGoogleCloudPlatformPageTest" name="searchInputNotNullTest" time="36.009"/>
</testsuite> <!-- com.hardcore.test.WebDriverGoogleCloudPlatformPageTest -->
