<?xml version="1.0" encoding="UTF-8"?>
<!-- Generated by org.testng.reporters.JUnitReportReporter -->
<testsuite hostname="DESKTOP-J5DG572" failures="0" tests="1" name="com.hardcore.test.WebDriverGoogleCloudPlatformPricingCalculatorPageTest" time="63.227" errors="0" timestamp="05 сент. 2020 08:41:15 GMT" skipped="0">
  <testcase classname="com.hardcore.test.WebDriverGoogleCloudPlatformPricingCalculatorPageTest" name="fillingOutPriceFormTest" time="63.227"/>
</testsuite> <!-- com.hardcore.test.WebDriverGoogleCloudPlatformPricingCalculatorPageTest -->
