<?xml version="1.0" encoding="UTF-8"?>
<!-- Generated by org.testng.reporters.JUnitReportReporter -->
<testsuite hostname="DESKTOP-J5DG572" failures="0" tests="1" name="com.hardcore.test.WebDriverGoogleCloudPlatformPageTest" time="23.104" errors="0" timestamp="05 сент. 2020 11:38:31 GMT" skipped="0">
  <testcase classname="com.hardcore.test.WebDriverGoogleCloudPlatformPageTest" name="searchInputNotNullTest" time="23.104"/>
</testsuite> <!-- com.hardcore.test.WebDriverGoogleCloudPlatformPageTest -->
