<?xml version="1.0" encoding="UTF-8"?>
<!-- Generated by org.testng.reporters.JUnitReportReporter -->
<testsuite hostname="DESKTOP-J5DG572" failures="0" tests="1" name="com.hardcore.test.GooglePricingCalculatorPageTest" time="44.476" errors="0" timestamp="07 сент. 2020 14:20:00 GMT" skipped="0">
  <testcase classname="com.hardcore.test.GooglePricingCalculatorPageTest" name="fillingOutPriceFormTest" time="44.476"/>
</testsuite> <!-- com.hardcore.test.GooglePricingCalculatorPageTest -->
