<?xml version="1.0" encoding="UTF-8"?>
<!-- Generated by org.testng.reporters.JUnitReportReporter -->
<testsuite hostname="DESKTOP-J5DG572" failures="0" tests="1" name="com.hardcore.test.WebDriverGoogleCloudPlatformPricingCalculatorPageTest" time="73.711" errors="0" timestamp="01 сент. 2020 14:49:57 GMT" skipped="0">
  <testcase classname="com.hardcore.test.WebDriverGoogleCloudPlatformPricingCalculatorPageTest" name="fillingOutPriceFormTest" time="73.711"/>
</testsuite> <!-- com.hardcore.test.WebDriverGoogleCloudPlatformPricingCalculatorPageTest -->
