<?xml version="1.0" encoding="UTF-8"?>
<!-- Generated by org.testng.reporters.JUnitReportReporter -->
<testsuite hostname="DESKTOP-J5DG572" failures="0" tests="1" name="com.hardcore.test.WebDriverGoogleCloudPlatformPageTest" time="18.369" errors="0" timestamp="03 сент. 2020 18:35:55 GMT" skipped="0">
  <testcase classname="com.hardcore.test.WebDriverGoogleCloudPlatformPageTest" name="searchInputNotNullTest" time="18.369"/>
</testsuite> <!-- com.hardcore.test.WebDriverGoogleCloudPlatformPageTest -->
