<?xml version="1.0" encoding="UTF-8"?>
<!-- Generated by org.testng.reporters.JUnitReportReporter -->
<testsuite hostname="DESKTOP-J5DG572" failures="0" tests="1" name="com.hardcore.test.GooglePlatformPageTest" time="16.262" errors="0" timestamp="07 сент. 2020 14:20:00 GMT" skipped="0">
  <testcase classname="com.hardcore.test.GooglePlatformPageTest" name="searchInputNotNullTest" time="16.262"/>
</testsuite> <!-- com.hardcore.test.GooglePlatformPageTest -->
